0 info it worked if it ends with ok
1 verbose cli [ 'C:\\Program Files\\nodejs\\node.exe',
1 verbose cli   'C:\\Program Files\\nodejs\\node_modules\\npm\\bin\\npm-cli.js',
1 verbose cli   'run',
1 verbose cli   'serve' ]
2 info using npm@3.10.8
3 info using node@v6.9.1
4 verbose run-script [ 'preserve', 'serve', 'postserve' ]
5 info lifecycle todo@1.0.0~preserve: todo@1.0.0
6 silly lifecycle todo@1.0.0~preserve: no script for preserve, continuing
7 info lifecycle todo@1.0.0~serve: todo@1.0.0
8 verbose lifecycle todo@1.0.0~serve: unsafe-perm in lifecycle true
9 verbose lifecycle todo@1.0.0~serve: PATH: C:\Program Files\nodejs\node_modules\npm\bin\node-gyp-bin;C:\IGT\learn\app\node_modules\.bin;C:\Users\jnayigiziki\bin;C:\Program Files\Git\mingw64\bin;C:\Program Files\Git\usr\local\bin;C:\Program Files\Git\usr\bin;C:\Program Files\Git\usr\bin;C:\Program Files\Git\mingw64\bin;C:\Program Files\Git\usr\bin;C:\Users\jnayigiziki\bin;C:\ProgramData\Oracle\Java\javapath;C:\windows\system32;C:\windows;C:\windows\System32\Wbem;C:\windows\System32\WindowsPowerShell\v1.0;C:\Program Files\Git\cmd;C:\Program Files\nodejs;C:\Program Files\PuTTY;C:\Users\jnayigiziki\AppData\Roaming\npm;C:\Program Files\Git\usr\bin\vendor_perl;C:\Program Files\Git\usr\bin\core_perl
10 verbose lifecycle todo@1.0.0~serve: CWD: C:\IGT\learn\app
11 silly lifecycle todo@1.0.0~serve: Args: [ '/d /s /c', 'nodemon server/server.js' ]
12 silly lifecycle todo@1.0.0~serve: Returned: code: 1  signal: null
13 info lifecycle todo@1.0.0~serve: Failed to exec serve script
14 verbose stack Error: todo@1.0.0 serve: `nodemon server/server.js`
14 verbose stack Exit status 1
14 verbose stack     at EventEmitter.<anonymous> (C:\Program Files\nodejs\node_modules\npm\lib\utils\lifecycle.js:255:16)
14 verbose stack     at emitTwo (events.js:106:13)
14 verbose stack     at EventEmitter.emit (events.js:191:7)
14 verbose stack     at ChildProcess.<anonymous> (C:\Program Files\nodejs\node_modules\npm\lib\utils\spawn.js:40:14)
14 verbose stack     at emitTwo (events.js:106:13)
14 verbose stack     at ChildProcess.emit (events.js:191:7)
14 verbose stack     at maybeClose (internal/child_process.js:877:16)
14 verbose stack     at Process.ChildProcess._handle.onexit (internal/child_process.js:226:5)
15 verbose pkgid todo@1.0.0
16 verbose cwd C:\IGT\learn\app
17 error Windows_NT 10.0.10586
18 error argv "C:\\Program Files\\nodejs\\node.exe" "C:\\Program Files\\nodejs\\node_modules\\npm\\bin\\npm-cli.js" "run" "serve"
19 error node v6.9.1
20 error npm  v3.10.8
21 error code ELIFECYCLE
22 error todo@1.0.0 serve: `nodemon server/server.js`
22 error Exit status 1
23 error Failed at the todo@1.0.0 serve script 'nodemon server/server.js'.
23 error Make sure you have the latest version of node.js and npm installed.
23 error If you do, this is most likely a problem with the todo package,
23 error not with npm itself.
23 error Tell the author that this fails on your system:
23 error     nodemon server/server.js
23 error You can get information on how to open an issue for this project with:
23 error     npm bugs todo
23 error Or if that isn't available, you can get their info via:
23 error     npm owner ls todo
23 error There is likely additional logging output above.
24 verbose exit [ 1, true ]
